<html>
<body>
<pre>
<h1>Vision Build Log</h1>
<h2>Tool Versions:</h2>
IDE-Version: μVision V5.35.0.0
Copyright (C) 2021 ARM Ltd and ARM Germany GmbH. All rights reserved.
License Information: lost tattoo, ., LIC=RC93N-YGC6S-WF0I7-EDE3T-80HQJ-S5N6Y
 
Tool Versions:
Toolchain:       MDK-ARM Plus  Version: 5.35.0.2
Toolchain Path:  C:\flushbonading\Keil5\ARM\ARMCC\Bin
C Compiler:      Armcc.exe V5.06 update 7 (build 960)
Assembler:       Armasm.exe V5.06 update 7 (build 960)
Linker/Locator:  ArmLink.exe V5.06 update 7 (build 960)
Library Manager: ArmAr.exe V5.06 update 7 (build 960)
Hex Converter:   FromElf.exe V5.06 update 7 (build 960)
CPU DLL:         SARMCM3.DLL V5.35.0.2
Dialog DLL:      DCM.DLL V1.17.3.0
Target DLL:      CMSIS_AGDI.dll V1.33.0.0
Dialog DLL:      TCM.DLL V1.53.0.0
 
<h2>Project:</h2>
C:\flushbonading\Technological innovation\GD32F450\学习板资料\5.样例程序\SD_dma-spi\Keil_project\Project.uvprojx
Project File Date:  08/31/2021

<h2>Output:</h2>
*** Using Compiler 'V5.06 update 7 (build 960)', folder: 'C:\flushbonading\Keil5\ARM\ARMCC\Bin'
Rebuild target 'GD32F4XX'
assembling startup_gd32f450.s...
compiling gd32f4xx_it.c...
compiling systick.c...
compiling main.c...
..\main.c(34): error:  #20: identifier "er" is undefined
  	  SD_ReadDisk2(er bufr, 0x01, 1200);
..\main.c(34): error:  #165: too few arguments in function call
  	  SD_ReadDisk2(er bufr, 0x01, 1200);
..\main.c(34): error:  #18: expected a ")"
  	  SD_ReadDisk2(er bufr, 0x01, 1200);
..\main.c: 0 warnings, 3 errors
compiling tf_spi.c...
..\tf_spi.c(457): error:  #20: identifier "i" is undefined
          for(i=0; i<sector_size; i++)
..\tf_spi.c: 0 warnings, 1 error
compiling gd32f4xx_dbg.c...
compiling gd32f4xx_dci.c...
compiling gd32f4xx_crc.c...
compiling system_gd32f4xx.c...
compiling gd32f4xx_ctc.c...
compiling gd32f4xx_dma.c...
compiling gd32f4xx_dac.c...
compiling gd32f4xx_can.c...
compiling gd32f4xx_adc.c...
compiling gd32f4xx_exti.c...
compiling gd32f4xx_exmc.c...
compiling gd32f4xx_fmc.c...
compiling gd32f4xx_enet.c...
compiling gd32f4xx_fwdgt.c...
compiling gd32f4xx_iref.c...
compiling gd32f4xx_gpio.c...
compiling gd32f4xx_i2c.c...
compiling gd32f4xx_misc.c...
compiling gd32f4xx_pmu.c...
compiling gd32f4xx_ipa.c...
compiling gd32f4xx_rcu.c...
compiling gd32f4xx_tli.c...
compiling gd32f4xx_trng.c...
compiling gd32f4xx_syscfg.c...
compiling gd32f4xx_sdio.c...
compiling gd32f4xx_spi.c...
compiling gd32f4xx_rtc.c...
compiling gd32f4xx_timer.c...
compiling gd32f4xx_usart.c...
compiling wh_adc.c...
compiling gd32f4xx_wwdgt.c...
compiling wh_exti.c...
compiling wh_gpio.c...
compiling wh_flash.c...
compiling wh_pit.c...
compiling wh_pwm.c...
compiling wh_spi.c...
compiling gd32f450_board.c...
compiling wh_uart.c...
".\output\Project.axf" - 4 Error(s), 0 Warning(s).

<h2>Software Packages used:</h2>

Package Vendor: ARM
                http://www.keil.com/pack/ARM.CMSIS.5.8.0.pack
                ARM.CMSIS.5.8.0
                CMSIS (Common Microcontroller Software Interface Standard)
   * Component: CORE Version: 5.5.0

Package Vendor: GigaDevice
                http://gd32mcu.com/data/documents/pack/GigaDevice.GD32F4xx_DFP.2.0.0.pack
                GigaDevice.GD32F4xx_DFP.2.0.0
                GigaDevice GD32F4xx Series Device Support and Examples

<h2>Collection of Component include folders:</h2>
  .\RTE\_GD32F4XX
  C:\Users\T97tt1x6\AppData\Local\Arm\Packs\ARM\CMSIS\5.8.0\CMSIS\Core\Include
  C:\Users\T97tt1x6\AppData\Local\Arm\Packs\GigaDevice\GD32F4xx_DFP\2.0.0\Device\F4XX\Include

<h2>Collection of Component Files used:</h2>

   * Component: ARM::CMSIS:CORE:5.5.0
Target not created.
Build Time Elapsed:  00:00:03
</pre>
</body>
</html>
